<?xml version="1.0" encoding="UTF-8"?>
<!-- Generated by org.testng.reporters.JUnitReportReporter -->
<testsuite hostname="BHANU-LAPTOP" failures="0" tests="1" name="script.DemoTest" time="13.913" errors="0" timestamp="2023-05-03T12:03:34 IST" skipped="0">
  <testcase classname="script.DemoTest" name="demoTest1" time="13.913"/>
  <system-out>
    <![CDATA[test data:admin
Google]]>
  </system-out>
</testsuite> <!-- script.DemoTest -->
