<?xml version="1.0" encoding="UTF-8"?>
<!-- Generated by org.testng.reporters.JUnitReportReporter -->
<testsuite hostname="BHANU-LAPTOP" failures="0" tests="1" name="script.InvalidLogin" time="16.468" errors="0" timestamp="2023-05-05T11:23:35 IST" skipped="0">
  <testcase classname="script.InvalidLogin" name="testInvalidLogin" time="16.468"/>
  <system-out>
    <![CDATA[Err Msg is Displayed]]>
  </system-out>
</testsuite> <!-- script.InvalidLogin -->
