<?xml version="1.0" encoding="UTF-8"?>
<!-- Generated by org.testng.reporters.JUnitReportReporter -->
<testsuite hostname="BHANU-LAPTOP" failures="0" tests="1" name="script.ValidLogin" time="18.215" errors="0" timestamp="16 Jun 2023 05:51:41 GMT" skipped="0">
  <testcase classname="script.ValidLogin" name="testValidLogin" time="18.215"/>
</testsuite> <!-- script.ValidLogin -->
